CRITICAL - 2022-04-27 05:33:31 --> Argument 1 passed to App\Controllers\Admin\Usuarios::buscaUsuarioOu404() must be of the type int or null, string given, called in D:\Documentos\Projetos\Estudos\php-food-delivery\app\Controllers\Admin\Usuarios.php on line 48
#0 D:\Documentos\Projetos\Estudos\php-food-delivery\app\Controllers\Admin\Usuarios.php(48): App\Controllers\Admin\Usuarios->buscaUsuarioOu404('images')
#1 D:\Documentos\Projetos\Estudos\php-food-delivery\system\CodeIgniter.php(832): App\Controllers\Admin\Usuarios->show('images', 'logo.svg')
#2 D:\Documentos\Projetos\Estudos\php-food-delivery\system\CodeIgniter.php(419): CodeIgniter\CodeIgniter->runController(Object(App\Controllers\Admin\Usuarios))
#3 D:\Documentos\Projetos\Estudos\php-food-delivery\system\CodeIgniter.php(326): CodeIgniter\CodeIgniter->handleRequest(NULL, Object(Config\Cache), false)
#4 D:\Documentos\Projetos\Estudos\php-food-delivery\public\index.php(37): CodeIgniter\CodeIgniter->run()
#5 D:\Documentos\Projetos\Estudos\php-food-delivery\system\Commands\Server\rewrite.php(43): require_once('D:\\Documentos\\P...')
#6 {main}
CRITICAL - 2022-04-27 05:33:31 --> Argument 1 passed to App\Controllers\Admin\Usuarios::buscaUsuarioOu404() must be of the type int or null, string given, called in D:\Documentos\Projetos\Estudos\php-food-delivery\app\Controllers\Admin\Usuarios.php on line 48
#0 D:\Documentos\Projetos\Estudos\php-food-delivery\app\Controllers\Admin\Usuarios.php(48): App\Controllers\Admin\Usuarios->buscaUsuarioOu404('images')
#1 D:\Documentos\Projetos\Estudos\php-food-delivery\system\CodeIgniter.php(832): App\Controllers\Admin\Usuarios->show('images', 'logo-mini.svg')
#2 D:\Documentos\Projetos\Estudos\php-food-delivery\system\CodeIgniter.php(419): CodeIgniter\CodeIgniter->runController(Object(App\Controllers\Admin\Usuarios))
#3 D:\Documentos\Projetos\Estudos\php-food-delivery\system\CodeIgniter.php(326): CodeIgniter\CodeIgniter->handleRequest(NULL, Object(Config\Cache), false)
#4 D:\Documentos\Projetos\Estudos\php-food-delivery\public\index.php(37): CodeIgniter\CodeIgniter->run()
#5 D:\Documentos\Projetos\Estudos\php-food-delivery\system\Commands\Server\rewrite.php(43): require_once('D:\\Documentos\\P...')
#6 {main}
CRITICAL - 2022-04-27 05:33:31 --> Argument 1 passed to App\Controllers\Admin\Usuarios::buscaUsuarioOu404() must be of the type int or null, string given, called in D:\Documentos\Projetos\Estudos\php-food-delivery\app\Controllers\Admin\Usuarios.php on line 48
#0 D:\Documentos\Projetos\Estudos\php-food-delivery\app\Controllers\Admin\Usuarios.php(48): App\Controllers\Admin\Usuarios->buscaUsuarioOu404('images')
#1 D:\Documentos\Projetos\Estudos\php-food-delivery\system\CodeIgniter.php(832): App\Controllers\Admin\Usuarios->show('images', 'faces', 'face4.jpg')
#2 D:\Documentos\Projetos\Estudos\php-food-delivery\system\CodeIgniter.php(419): CodeIgniter\CodeIgniter->runController(Object(App\Controllers\Admin\Usuarios))
#3 D:\Documentos\Projetos\Estudos\php-food-delivery\system\CodeIgniter.php(326): CodeIgniter\CodeIgniter->handleRequest(NULL, Object(Config\Cache), false)
#4 D:\Documentos\Projetos\Estudos\php-food-delivery\public\index.php(37): CodeIgniter\CodeIgniter->run()
#5 D:\Documentos\Projetos\Estudos\php-food-delivery\system\Commands\Server\rewrite.php(43): require_once('D:\\Documentos\\P...')
#6 {main}
CRITICAL - 2022-04-27 05:33:31 --> Argument 1 passed to App\Controllers\Admin\Usuarios::buscaUsuarioOu404() must be of the type int or null, string given, called in D:\Documentos\Projetos\Estudos\php-food-delivery\app\Controllers\Admin\Usuarios.php on line 48
#0 D:\Documentos\Projetos\Estudos\php-food-delivery\app\Controllers\Admin\Usuarios.php(48): App\Controllers\Admin\Usuarios->buscaUsuarioOu404('images')
#1 D:\Documentos\Projetos\Estudos\php-food-delivery\system\CodeIgniter.php(832): App\Controllers\Admin\Usuarios->show('images', 'faces', 'face5.jpg')
#2 D:\Documentos\Projetos\Estudos\php-food-delivery\system\CodeIgniter.php(419): CodeIgniter\CodeIgniter->runController(Object(App\Controllers\Admin\Usuarios))
#3 D:\Documentos\Projetos\Estudos\php-food-delivery\system\CodeIgniter.php(326): CodeIgniter\CodeIgniter->handleRequest(NULL, Object(Config\Cache), false)
#4 D:\Documentos\Projetos\Estudos\php-food-delivery\public\index.php(37): CodeIgniter\CodeIgniter->run()
#5 D:\Documentos\Projetos\Estudos\php-food-delivery\system\Commands\Server\rewrite.php(43): require_once('D:\\Documentos\\P...')
#6 {main}
CRITICAL - 2022-04-27 05:33:32 --> Argument 1 passed to App\Controllers\Admin\Usuarios::buscaUsuarioOu404() must be of the type int or null, string given, called in D:\Documentos\Projetos\Estudos\php-food-delivery\app\Controllers\Admin\Usuarios.php on line 48
#0 D:\Documentos\Projetos\Estudos\php-food-delivery\app\Controllers\Admin\Usuarios.php(48): App\Controllers\Admin\Usuarios->buscaUsuarioOu404('images')
#1 D:\Documentos\Projetos\Estudos\php-food-delivery\system\CodeIgniter.php(832): App\Controllers\Admin\Usuarios->show('images', 'faces', 'face2.jpg')
#2 D:\Documentos\Projetos\Estudos\php-food-delivery\system\CodeIgniter.php(419): CodeIgniter\CodeIgniter->runController(Object(App\Controllers\Admin\Usuarios))
#3 D:\Documentos\Projetos\Estudos\php-food-delivery\system\CodeIgniter.php(326): CodeIgniter\CodeIgniter->handleRequest(NULL, Object(Config\Cache), false)
#4 D:\Documentos\Projetos\Estudos\php-food-delivery\public\index.php(37): CodeIgniter\CodeIgniter->run()
#5 D:\Documentos\Projetos\Estudos\php-food-delivery\system\Commands\Server\rewrite.php(43): require_once('D:\\Documentos\\P...')
#6 {main}
CRITICAL - 2022-04-27 05:33:32 --> Argument 1 passed to App\Controllers\Admin\Usuarios::buscaUsuarioOu404() must be of the type int or null, string given, called in D:\Documentos\Projetos\Estudos\php-food-delivery\app\Controllers\Admin\Usuarios.php on line 48
#0 D:\Documentos\Projetos\Estudos\php-food-delivery\app\Controllers\Admin\Usuarios.php(48): App\Controllers\Admin\Usuarios->buscaUsuarioOu404('images')
#1 D:\Documentos\Projetos\Estudos\php-food-delivery\system\CodeIgniter.php(832): App\Controllers\Admin\Usuarios->show('images', 'faces', 'face3.jpg')
#2 D:\Documentos\Projetos\Estudos\php-food-delivery\system\CodeIgniter.php(419): CodeIgniter\CodeIgniter->runController(Object(App\Controllers\Admin\Usuarios))
#3 D:\Documentos\Projetos\Estudos\php-food-delivery\system\CodeIgniter.php(326): CodeIgniter\CodeIgniter->handleRequest(NULL, Object(Config\Cache), false)
#4 D:\Documentos\Projetos\Estudos\php-food-delivery\public\index.php(37): CodeIgniter\CodeIgniter->run()
#5 D:\Documentos\Projetos\Estudos\php-food-delivery\system\Commands\Server\rewrite.php(43): require_once('D:\\Documentos\\P...')
#6 {main}
CRITICAL - 2022-04-27 05:47:20 --> Argument 1 passed to App\Controllers\Admin\Usuarios::buscaUsuarioOu404() must be of the type int or null, string given, called in D:\Documentos\Projetos\Estudos\php-food-delivery\app\Controllers\Admin\Usuarios.php on line 48
#0 D:\Documentos\Projetos\Estudos\php-food-delivery\app\Controllers\Admin\Usuarios.php(48): App\Controllers\Admin\Usuarios->buscaUsuarioOu404('images')
#1 D:\Documentos\Projetos\Estudos\php-food-delivery\system\CodeIgniter.php(832): App\Controllers\Admin\Usuarios->show('images', 'logo.svg')
#2 D:\Documentos\Projetos\Estudos\php-food-delivery\system\CodeIgniter.php(419): CodeIgniter\CodeIgniter->runController(Object(App\Controllers\Admin\Usuarios))
#3 D:\Documentos\Projetos\Estudos\php-food-delivery\system\CodeIgniter.php(326): CodeIgniter\CodeIgniter->handleRequest(NULL, Object(Config\Cache), false)
#4 D:\Documentos\Projetos\Estudos\php-food-delivery\public\index.php(37): CodeIgniter\CodeIgniter->run()
#5 D:\Documentos\Projetos\Estudos\php-food-delivery\system\Commands\Server\rewrite.php(43): require_once('D:\\Documentos\\P...')
#6 {main}
CRITICAL - 2022-04-27 05:47:20 --> Argument 1 passed to App\Controllers\Admin\Usuarios::buscaUsuarioOu404() must be of the type int or null, string given, called in D:\Documentos\Projetos\Estudos\php-food-delivery\app\Controllers\Admin\Usuarios.php on line 48
#0 D:\Documentos\Projetos\Estudos\php-food-delivery\app\Controllers\Admin\Usuarios.php(48): App\Controllers\Admin\Usuarios->buscaUsuarioOu404('images')
#1 D:\Documentos\Projetos\Estudos\php-food-delivery\system\CodeIgniter.php(832): App\Controllers\Admin\Usuarios->show('images', 'logo-mini.svg')
#2 D:\Documentos\Projetos\Estudos\php-food-delivery\system\CodeIgniter.php(419): CodeIgniter\CodeIgniter->runController(Object(App\Controllers\Admin\Usuarios))
#3 D:\Documentos\Projetos\Estudos\php-food-delivery\system\CodeIgniter.php(326): CodeIgniter\CodeIgniter->handleRequest(NULL, Object(Config\Cache), false)
#4 D:\Documentos\Projetos\Estudos\php-food-delivery\public\index.php(37): CodeIgniter\CodeIgniter->run()
#5 D:\Documentos\Projetos\Estudos\php-food-delivery\system\Commands\Server\rewrite.php(43): require_once('D:\\Documentos\\P...')
#6 {main}
CRITICAL - 2022-04-27 05:47:21 --> Argument 1 passed to App\Controllers\Admin\Usuarios::buscaUsuarioOu404() must be of the type int or null, string given, called in D:\Documentos\Projetos\Estudos\php-food-delivery\app\Controllers\Admin\Usuarios.php on line 48
#0 D:\Documentos\Projetos\Estudos\php-food-delivery\app\Controllers\Admin\Usuarios.php(48): App\Controllers\Admin\Usuarios->buscaUsuarioOu404('images')
#1 D:\Documentos\Projetos\Estudos\php-food-delivery\system\CodeIgniter.php(832): App\Controllers\Admin\Usuarios->show('images', 'faces', 'face4.jpg')
#2 D:\Documentos\Projetos\Estudos\php-food-delivery\system\CodeIgniter.php(419): CodeIgniter\CodeIgniter->runController(Object(App\Controllers\Admin\Usuarios))
#3 D:\Documentos\Projetos\Estudos\php-food-delivery\system\CodeIgniter.php(326): CodeIgniter\CodeIgniter->handleRequest(NULL, Object(Config\Cache), false)
#4 D:\Documentos\Projetos\Estudos\php-food-delivery\public\index.php(37): CodeIgniter\CodeIgniter->run()
#5 D:\Documentos\Projetos\Estudos\php-food-delivery\system\Commands\Server\rewrite.php(43): require_once('D:\\Documentos\\P...')
#6 {main}
CRITICAL - 2022-04-27 05:47:21 --> Argument 1 passed to App\Controllers\Admin\Usuarios::buscaUsuarioOu404() must be of the type int or null, string given, called in D:\Documentos\Projetos\Estudos\php-food-delivery\app\Controllers\Admin\Usuarios.php on line 48
#0 D:\Documentos\Projetos\Estudos\php-food-delivery\app\Controllers\Admin\Usuarios.php(48): App\Controllers\Admin\Usuarios->buscaUsuarioOu404('images')
#1 D:\Documentos\Projetos\Estudos\php-food-delivery\system\CodeIgniter.php(832): App\Controllers\Admin\Usuarios->show('images', 'faces', 'face5.jpg')
#2 D:\Documentos\Projetos\Estudos\php-food-delivery\system\CodeIgniter.php(419): CodeIgniter\CodeIgniter->runController(Object(App\Controllers\Admin\Usuarios))
#3 D:\Documentos\Projetos\Estudos\php-food-delivery\system\CodeIgniter.php(326): CodeIgniter\CodeIgniter->handleRequest(NULL, Object(Config\Cache), false)
#4 D:\Documentos\Projetos\Estudos\php-food-delivery\public\index.php(37): CodeIgniter\CodeIgniter->run()
#5 D:\Documentos\Projetos\Estudos\php-food-delivery\system\Commands\Server\rewrite.php(43): require_once('D:\\Documentos\\P...')
#6 {main}
CRITICAL - 2022-04-27 05:47:21 --> Argument 1 passed to App\Controllers\Admin\Usuarios::buscaUsuarioOu404() must be of the type int or null, string given, called in D:\Documentos\Projetos\Estudos\php-food-delivery\app\Controllers\Admin\Usuarios.php on line 48
#0 D:\Documentos\Projetos\Estudos\php-food-delivery\app\Controllers\Admin\Usuarios.php(48): App\Controllers\Admin\Usuarios->buscaUsuarioOu404('images')
#1 D:\Documentos\Projetos\Estudos\php-food-delivery\system\CodeIgniter.php(832): App\Controllers\Admin\Usuarios->show('images', 'faces', 'face2.jpg')
#2 D:\Documentos\Projetos\Estudos\php-food-delivery\system\CodeIgniter.php(419): CodeIgniter\CodeIgniter->runController(Object(App\Controllers\Admin\Usuarios))
#3 D:\Documentos\Projetos\Estudos\php-food-delivery\system\CodeIgniter.php(326): CodeIgniter\CodeIgniter->handleRequest(NULL, Object(Config\Cache), false)
#4 D:\Documentos\Projetos\Estudos\php-food-delivery\public\index.php(37): CodeIgniter\CodeIgniter->run()
#5 D:\Documentos\Projetos\Estudos\php-food-delivery\system\Commands\Server\rewrite.php(43): require_once('D:\\Documentos\\P...')
#6 {main}
CRITICAL - 2022-04-27 05:47:21 --> Argument 1 passed to App\Controllers\Admin\Usuarios::buscaUsuarioOu404() must be of the type int or null, string given, called in D:\Documentos\Projetos\Estudos\php-food-delivery\app\Controllers\Admin\Usuarios.php on line 48
#0 D:\Documentos\Projetos\Estudos\php-food-delivery\app\Controllers\Admin\Usuarios.php(48): App\Controllers\Admin\Usuarios->buscaUsuarioOu404('images')
#1 D:\Documentos\Projetos\Estudos\php-food-delivery\system\CodeIgniter.php(832): App\Controllers\Admin\Usuarios->show('images', 'faces', 'face3.jpg')
#2 D:\Documentos\Projetos\Estudos\php-food-delivery\system\CodeIgniter.php(419): CodeIgniter\CodeIgniter->runController(Object(App\Controllers\Admin\Usuarios))
#3 D:\Documentos\Projetos\Estudos\php-food-delivery\system\CodeIgniter.php(326): CodeIgniter\CodeIgniter->handleRequest(NULL, Object(Config\Cache), false)
#4 D:\Documentos\Projetos\Estudos\php-food-delivery\public\index.php(37): CodeIgniter\CodeIgniter->run()
#5 D:\Documentos\Projetos\Estudos\php-food-delivery\system\Commands\Server\rewrite.php(43): require_once('D:\\Documentos\\P...')
#6 {main}
CRITICAL - 2022-04-27 05:47:22 --> Argument 1 passed to App\Controllers\Admin\Usuarios::buscaUsuarioOu404() must be of the type int or null, string given, called in D:\Documentos\Projetos\Estudos\php-food-delivery\app\Controllers\Admin\Usuarios.php on line 138
#0 D:\Documentos\Projetos\Estudos\php-food-delivery\app\Controllers\Admin\Usuarios.php(138): App\Controllers\Admin\Usuarios->buscaUsuarioOu404('images')
#1 D:\Documentos\Projetos\Estudos\php-food-delivery\system\CodeIgniter.php(832): App\Controllers\Admin\Usuarios->excluir('images', 'logo.svg')
#2 D:\Documentos\Projetos\Estudos\php-food-delivery\system\CodeIgniter.php(419): CodeIgniter\CodeIgniter->runController(Object(App\Controllers\Admin\Usuarios))
#3 D:\Documentos\Projetos\Estudos\php-food-delivery\system\CodeIgniter.php(326): CodeIgniter\CodeIgniter->handleRequest(NULL, Object(Config\Cache), false)
#4 D:\Documentos\Projetos\Estudos\php-food-delivery\public\index.php(37): CodeIgniter\CodeIgniter->run()
#5 D:\Documentos\Projetos\Estudos\php-food-delivery\system\Commands\Server\rewrite.php(43): require_once('D:\\Documentos\\P...')
#6 {main}
CRITICAL - 2022-04-27 05:47:22 --> Argument 1 passed to App\Controllers\Admin\Usuarios::buscaUsuarioOu404() must be of the type int or null, string given, called in D:\Documentos\Projetos\Estudos\php-food-delivery\app\Controllers\Admin\Usuarios.php on line 138
#0 D:\Documentos\Projetos\Estudos\php-food-delivery\app\Controllers\Admin\Usuarios.php(138): App\Controllers\Admin\Usuarios->buscaUsuarioOu404('images')
#1 D:\Documentos\Projetos\Estudos\php-food-delivery\system\CodeIgniter.php(832): App\Controllers\Admin\Usuarios->excluir('images', 'logo-mini.svg')
#2 D:\Documentos\Projetos\Estudos\php-food-delivery\system\CodeIgniter.php(419): CodeIgniter\CodeIgniter->runController(Object(App\Controllers\Admin\Usuarios))
#3 D:\Documentos\Projetos\Estudos\php-food-delivery\system\CodeIgniter.php(326): CodeIgniter\CodeIgniter->handleRequest(NULL, Object(Config\Cache), false)
#4 D:\Documentos\Projetos\Estudos\php-food-delivery\public\index.php(37): CodeIgniter\CodeIgniter->run()
#5 D:\Documentos\Projetos\Estudos\php-food-delivery\system\Commands\Server\rewrite.php(43): require_once('D:\\Documentos\\P...')
#6 {main}
CRITICAL - 2022-04-27 05:47:22 --> Argument 1 passed to App\Controllers\Admin\Usuarios::buscaUsuarioOu404() must be of the type int or null, string given, called in D:\Documentos\Projetos\Estudos\php-food-delivery\app\Controllers\Admin\Usuarios.php on line 138
#0 D:\Documentos\Projetos\Estudos\php-food-delivery\app\Controllers\Admin\Usuarios.php(138): App\Controllers\Admin\Usuarios->buscaUsuarioOu404('images')
#1 D:\Documentos\Projetos\Estudos\php-food-delivery\system\CodeIgniter.php(832): App\Controllers\Admin\Usuarios->excluir('images', 'faces', 'face4.jpg')
#2 D:\Documentos\Projetos\Estudos\php-food-delivery\system\CodeIgniter.php(419): CodeIgniter\CodeIgniter->runController(Object(App\Controllers\Admin\Usuarios))
#3 D:\Documentos\Projetos\Estudos\php-food-delivery\system\CodeIgniter.php(326): CodeIgniter\CodeIgniter->handleRequest(NULL, Object(Config\Cache), false)
#4 D:\Documentos\Projetos\Estudos\php-food-delivery\public\index.php(37): CodeIgniter\CodeIgniter->run()
#5 D:\Documentos\Projetos\Estudos\php-food-delivery\system\Commands\Server\rewrite.php(43): require_once('D:\\Documentos\\P...')
#6 {main}
CRITICAL - 2022-04-27 05:47:22 --> Argument 1 passed to App\Controllers\Admin\Usuarios::buscaUsuarioOu404() must be of the type int or null, string given, called in D:\Documentos\Projetos\Estudos\php-food-delivery\app\Controllers\Admin\Usuarios.php on line 138
#0 D:\Documentos\Projetos\Estudos\php-food-delivery\app\Controllers\Admin\Usuarios.php(138): App\Controllers\Admin\Usuarios->buscaUsuarioOu404('images')
#1 D:\Documentos\Projetos\Estudos\php-food-delivery\system\CodeIgniter.php(832): App\Controllers\Admin\Usuarios->excluir('images', 'faces', 'face5.jpg')
#2 D:\Documentos\Projetos\Estudos\php-food-delivery\system\CodeIgniter.php(419): CodeIgniter\CodeIgniter->runController(Object(App\Controllers\Admin\Usuarios))
#3 D:\Documentos\Projetos\Estudos\php-food-delivery\system\CodeIgniter.php(326): CodeIgniter\CodeIgniter->handleRequest(NULL, Object(Config\Cache), false)
#4 D:\Documentos\Projetos\Estudos\php-food-delivery\public\index.php(37): CodeIgniter\CodeIgniter->run()
#5 D:\Documentos\Projetos\Estudos\php-food-delivery\system\Commands\Server\rewrite.php(43): require_once('D:\\Documentos\\P...')
#6 {main}
CRITICAL - 2022-04-27 05:47:22 --> Argument 1 passed to App\Controllers\Admin\Usuarios::buscaUsuarioOu404() must be of the type int or null, string given, called in D:\Documentos\Projetos\Estudos\php-food-delivery\app\Controllers\Admin\Usuarios.php on line 138
#0 D:\Documentos\Projetos\Estudos\php-food-delivery\app\Controllers\Admin\Usuarios.php(138): App\Controllers\Admin\Usuarios->buscaUsuarioOu404('images')
#1 D:\Documentos\Projetos\Estudos\php-food-delivery\system\CodeIgniter.php(832): App\Controllers\Admin\Usuarios->excluir('images', 'faces', 'face2.jpg')
#2 D:\Documentos\Projetos\Estudos\php-food-delivery\system\CodeIgniter.php(419): CodeIgniter\CodeIgniter->runController(Object(App\Controllers\Admin\Usuarios))
#3 D:\Documentos\Projetos\Estudos\php-food-delivery\system\CodeIgniter.php(326): CodeIgniter\CodeIgniter->handleRequest(NULL, Object(Config\Cache), false)
#4 D:\Documentos\Projetos\Estudos\php-food-delivery\public\index.php(37): CodeIgniter\CodeIgniter->run()
#5 D:\Documentos\Projetos\Estudos\php-food-delivery\system\Commands\Server\rewrite.php(43): require_once('D:\\Documentos\\P...')
#6 {main}
CRITICAL - 2022-04-27 05:47:22 --> Argument 1 passed to App\Controllers\Admin\Usuarios::buscaUsuarioOu404() must be of the type int or null, string given, called in D:\Documentos\Projetos\Estudos\php-food-delivery\app\Controllers\Admin\Usuarios.php on line 138
#0 D:\Documentos\Projetos\Estudos\php-food-delivery\app\Controllers\Admin\Usuarios.php(138): App\Controllers\Admin\Usuarios->buscaUsuarioOu404('images')
#1 D:\Documentos\Projetos\Estudos\php-food-delivery\system\CodeIgniter.php(832): App\Controllers\Admin\Usuarios->excluir('images', 'faces', 'face3.jpg')
#2 D:\Documentos\Projetos\Estudos\php-food-delivery\system\CodeIgniter.php(419): CodeIgniter\CodeIgniter->runController(Object(App\Controllers\Admin\Usuarios))
#3 D:\Documentos\Projetos\Estudos\php-food-delivery\system\CodeIgniter.php(326): CodeIgniter\CodeIgniter->handleRequest(NULL, Object(Config\Cache), false)
#4 D:\Documentos\Projetos\Estudos\php-food-delivery\public\index.php(37): CodeIgniter\CodeIgniter->run()
#5 D:\Documentos\Projetos\Estudos\php-food-delivery\system\Commands\Server\rewrite.php(43): require_once('D:\\Documentos\\P...')
#6 {main}
CRITICAL - 2022-04-27 05:47:24 --> Argument 1 passed to App\Controllers\Admin\Usuarios::buscaUsuarioOu404() must be of the type int or null, string given, called in D:\Documentos\Projetos\Estudos\php-food-delivery\app\Controllers\Admin\Usuarios.php on line 48
#0 D:\Documentos\Projetos\Estudos\php-food-delivery\app\Controllers\Admin\Usuarios.php(48): App\Controllers\Admin\Usuarios->buscaUsuarioOu404('images')
#1 D:\Documentos\Projetos\Estudos\php-food-delivery\system\CodeIgniter.php(832): App\Controllers\Admin\Usuarios->show('images', 'logo.svg')
#2 D:\Documentos\Projetos\Estudos\php-food-delivery\system\CodeIgniter.php(419): CodeIgniter\CodeIgniter->runController(Object(App\Controllers\Admin\Usuarios))
#3 D:\Documentos\Projetos\Estudos\php-food-delivery\system\CodeIgniter.php(326): CodeIgniter\CodeIgniter->handleRequest(NULL, Object(Config\Cache), false)
#4 D:\Documentos\Projetos\Estudos\php-food-delivery\public\index.php(37): CodeIgniter\CodeIgniter->run()
#5 D:\Documentos\Projetos\Estudos\php-food-delivery\system\Commands\Server\rewrite.php(43): require_once('D:\\Documentos\\P...')
#6 {main}
CRITICAL - 2022-04-27 05:47:25 --> Argument 1 passed to App\Controllers\Admin\Usuarios::buscaUsuarioOu404() must be of the type int or null, string given, called in D:\Documentos\Projetos\Estudos\php-food-delivery\app\Controllers\Admin\Usuarios.php on line 48
#0 D:\Documentos\Projetos\Estudos\php-food-delivery\app\Controllers\Admin\Usuarios.php(48): App\Controllers\Admin\Usuarios->buscaUsuarioOu404('images')
#1 D:\Documentos\Projetos\Estudos\php-food-delivery\system\CodeIgniter.php(832): App\Controllers\Admin\Usuarios->show('images', 'logo-mini.svg')
#2 D:\Documentos\Projetos\Estudos\php-food-delivery\system\CodeIgniter.php(419): CodeIgniter\CodeIgniter->runController(Object(App\Controllers\Admin\Usuarios))
#3 D:\Documentos\Projetos\Estudos\php-food-delivery\system\CodeIgniter.php(326): CodeIgniter\CodeIgniter->handleRequest(NULL, Object(Config\Cache), false)
#4 D:\Documentos\Projetos\Estudos\php-food-delivery\public\index.php(37): CodeIgniter\CodeIgniter->run()
#5 D:\Documentos\Projetos\Estudos\php-food-delivery\system\Commands\Server\rewrite.php(43): require_once('D:\\Documentos\\P...')
#6 {main}
CRITICAL - 2022-04-27 05:47:25 --> Argument 1 passed to App\Controllers\Admin\Usuarios::buscaUsuarioOu404() must be of the type int or null, string given, called in D:\Documentos\Projetos\Estudos\php-food-delivery\app\Controllers\Admin\Usuarios.php on line 48
#0 D:\Documentos\Projetos\Estudos\php-food-delivery\app\Controllers\Admin\Usuarios.php(48): App\Controllers\Admin\Usuarios->buscaUsuarioOu404('images')
#1 D:\Documentos\Projetos\Estudos\php-food-delivery\system\CodeIgniter.php(832): App\Controllers\Admin\Usuarios->show('images', 'faces', 'face4.jpg')
#2 D:\Documentos\Projetos\Estudos\php-food-delivery\system\CodeIgniter.php(419): CodeIgniter\CodeIgniter->runController(Object(App\Controllers\Admin\Usuarios))
#3 D:\Documentos\Projetos\Estudos\php-food-delivery\system\CodeIgniter.php(326): CodeIgniter\CodeIgniter->handleRequest(NULL, Object(Config\Cache), false)
#4 D:\Documentos\Projetos\Estudos\php-food-delivery\public\index.php(37): CodeIgniter\CodeIgniter->run()
#5 D:\Documentos\Projetos\Estudos\php-food-delivery\system\Commands\Server\rewrite.php(43): require_once('D:\\Documentos\\P...')
#6 {main}
CRITICAL - 2022-04-27 05:47:25 --> Argument 1 passed to App\Controllers\Admin\Usuarios::buscaUsuarioOu404() must be of the type int or null, string given, called in D:\Documentos\Projetos\Estudos\php-food-delivery\app\Controllers\Admin\Usuarios.php on line 48
#0 D:\Documentos\Projetos\Estudos\php-food-delivery\app\Controllers\Admin\Usuarios.php(48): App\Controllers\Admin\Usuarios->buscaUsuarioOu404('images')
#1 D:\Documentos\Projetos\Estudos\php-food-delivery\system\CodeIgniter.php(832): App\Controllers\Admin\Usuarios->show('images', 'faces', 'face2.jpg')
#2 D:\Documentos\Projetos\Estudos\php-food-delivery\system\CodeIgniter.php(419): CodeIgniter\CodeIgniter->runController(Object(App\Controllers\Admin\Usuarios))
#3 D:\Documentos\Projetos\Estudos\php-food-delivery\system\CodeIgniter.php(326): CodeIgniter\CodeIgniter->handleRequest(NULL, Object(Config\Cache), false)
#4 D:\Documentos\Projetos\Estudos\php-food-delivery\public\index.php(37): CodeIgniter\CodeIgniter->run()
#5 D:\Documentos\Projetos\Estudos\php-food-delivery\system\Commands\Server\rewrite.php(43): require_once('D:\\Documentos\\P...')
#6 {main}
CRITICAL - 2022-04-27 05:47:25 --> Argument 1 passed to App\Controllers\Admin\Usuarios::buscaUsuarioOu404() must be of the type int or null, string given, called in D:\Documentos\Projetos\Estudos\php-food-delivery\app\Controllers\Admin\Usuarios.php on line 48
#0 D:\Documentos\Projetos\Estudos\php-food-delivery\app\Controllers\Admin\Usuarios.php(48): App\Controllers\Admin\Usuarios->buscaUsuarioOu404('images')
#1 D:\Documentos\Projetos\Estudos\php-food-delivery\system\CodeIgniter.php(832): App\Controllers\Admin\Usuarios->show('images', 'faces', 'face5.jpg')
#2 D:\Documentos\Projetos\Estudos\php-food-delivery\system\CodeIgniter.php(419): CodeIgniter\CodeIgniter->runController(Object(App\Controllers\Admin\Usuarios))
#3 D:\Documentos\Projetos\Estudos\php-food-delivery\system\CodeIgniter.php(326): CodeIgniter\CodeIgniter->handleRequest(NULL, Object(Config\Cache), false)
#4 D:\Documentos\Projetos\Estudos\php-food-delivery\public\index.php(37): CodeIgniter\CodeIgniter->run()
#5 D:\Documentos\Projetos\Estudos\php-food-delivery\system\Commands\Server\rewrite.php(43): require_once('D:\\Documentos\\P...')
#6 {main}
CRITICAL - 2022-04-27 05:47:25 --> Argument 1 passed to App\Controllers\Admin\Usuarios::buscaUsuarioOu404() must be of the type int or null, string given, called in D:\Documentos\Projetos\Estudos\php-food-delivery\app\Controllers\Admin\Usuarios.php on line 48
#0 D:\Documentos\Projetos\Estudos\php-food-delivery\app\Controllers\Admin\Usuarios.php(48): App\Controllers\Admin\Usuarios->buscaUsuarioOu404('images')
#1 D:\Documentos\Projetos\Estudos\php-food-delivery\system\CodeIgniter.php(832): App\Controllers\Admin\Usuarios->show('images', 'faces', 'face3.jpg')
#2 D:\Documentos\Projetos\Estudos\php-food-delivery\system\CodeIgniter.php(419): CodeIgniter\CodeIgniter->runController(Object(App\Controllers\Admin\Usuarios))
#3 D:\Documentos\Projetos\Estudos\php-food-delivery\system\CodeIgniter.php(326): CodeIgniter\CodeIgniter->handleRequest(NULL, Object(Config\Cache), false)
#4 D:\Documentos\Projetos\Estudos\php-food-delivery\public\index.php(37): CodeIgniter\CodeIgniter->run()
#5 D:\Documentos\Projetos\Estudos\php-food-delivery\system\Commands\Server\rewrite.php(43): require_once('D:\\Documentos\\P...')
#6 {main}
CRITICAL - 2022-04-27 05:47:29 --> Argument 1 passed to App\Controllers\Admin\Usuarios::buscaUsuarioOu404() must be of the type int or null, string given, called in D:\Documentos\Projetos\Estudos\php-food-delivery\app\Controllers\Admin\Usuarios.php on line 138
#0 D:\Documentos\Projetos\Estudos\php-food-delivery\app\Controllers\Admin\Usuarios.php(138): App\Controllers\Admin\Usuarios->buscaUsuarioOu404('images')
#1 D:\Documentos\Projetos\Estudos\php-food-delivery\system\CodeIgniter.php(832): App\Controllers\Admin\Usuarios->excluir('images', 'logo.svg')
#2 D:\Documentos\Projetos\Estudos\php-food-delivery\system\CodeIgniter.php(419): CodeIgniter\CodeIgniter->runController(Object(App\Controllers\Admin\Usuarios))
#3 D:\Documentos\Projetos\Estudos\php-food-delivery\system\CodeIgniter.php(326): CodeIgniter\CodeIgniter->handleRequest(NULL, Object(Config\Cache), false)
#4 D:\Documentos\Projetos\Estudos\php-food-delivery\public\index.php(37): CodeIgniter\CodeIgniter->run()
#5 D:\Documentos\Projetos\Estudos\php-food-delivery\system\Commands\Server\rewrite.php(43): require_once('D:\\Documentos\\P...')
#6 {main}
CRITICAL - 2022-04-27 05:47:29 --> Argument 1 passed to App\Controllers\Admin\Usuarios::buscaUsuarioOu404() must be of the type int or null, string given, called in D:\Documentos\Projetos\Estudos\php-food-delivery\app\Controllers\Admin\Usuarios.php on line 138
#0 D:\Documentos\Projetos\Estudos\php-food-delivery\app\Controllers\Admin\Usuarios.php(138): App\Controllers\Admin\Usuarios->buscaUsuarioOu404('images')
#1 D:\Documentos\Projetos\Estudos\php-food-delivery\system\CodeIgniter.php(832): App\Controllers\Admin\Usuarios->excluir('images', 'logo-mini.svg')
#2 D:\Documentos\Projetos\Estudos\php-food-delivery\system\CodeIgniter.php(419): CodeIgniter\CodeIgniter->runController(Object(App\Controllers\Admin\Usuarios))
#3 D:\Documentos\Projetos\Estudos\php-food-delivery\system\CodeIgniter.php(326): CodeIgniter\CodeIgniter->handleRequest(NULL, Object(Config\Cache), false)
#4 D:\Documentos\Projetos\Estudos\php-food-delivery\public\index.php(37): CodeIgniter\CodeIgniter->run()
#5 D:\Documentos\Projetos\Estudos\php-food-delivery\system\Commands\Server\rewrite.php(43): require_once('D:\\Documentos\\P...')
#6 {main}
CRITICAL - 2022-04-27 05:47:29 --> Argument 1 passed to App\Controllers\Admin\Usuarios::buscaUsuarioOu404() must be of the type int or null, string given, called in D:\Documentos\Projetos\Estudos\php-food-delivery\app\Controllers\Admin\Usuarios.php on line 138
#0 D:\Documentos\Projetos\Estudos\php-food-delivery\app\Controllers\Admin\Usuarios.php(138): App\Controllers\Admin\Usuarios->buscaUsuarioOu404('images')
#1 D:\Documentos\Projetos\Estudos\php-food-delivery\system\CodeIgniter.php(832): App\Controllers\Admin\Usuarios->excluir('images', 'faces', 'face4.jpg')
#2 D:\Documentos\Projetos\Estudos\php-food-delivery\system\CodeIgniter.php(419): CodeIgniter\CodeIgniter->runController(Object(App\Controllers\Admin\Usuarios))
#3 D:\Documentos\Projetos\Estudos\php-food-delivery\system\CodeIgniter.php(326): CodeIgniter\CodeIgniter->handleRequest(NULL, Object(Config\Cache), false)
#4 D:\Documentos\Projetos\Estudos\php-food-delivery\public\index.php(37): CodeIgniter\CodeIgniter->run()
#5 D:\Documentos\Projetos\Estudos\php-food-delivery\system\Commands\Server\rewrite.php(43): require_once('D:\\Documentos\\P...')
#6 {main}
CRITICAL - 2022-04-27 05:47:29 --> Argument 1 passed to App\Controllers\Admin\Usuarios::buscaUsuarioOu404() must be of the type int or null, string given, called in D:\Documentos\Projetos\Estudos\php-food-delivery\app\Controllers\Admin\Usuarios.php on line 138
#0 D:\Documentos\Projetos\Estudos\php-food-delivery\app\Controllers\Admin\Usuarios.php(138): App\Controllers\Admin\Usuarios->buscaUsuarioOu404('images')
#1 D:\Documentos\Projetos\Estudos\php-food-delivery\system\CodeIgniter.php(832): App\Controllers\Admin\Usuarios->excluir('images', 'faces', 'face2.jpg')
#2 D:\Documentos\Projetos\Estudos\php-food-delivery\system\CodeIgniter.php(419): CodeIgniter\CodeIgniter->runController(Object(App\Controllers\Admin\Usuarios))
#3 D:\Documentos\Projetos\Estudos\php-food-delivery\system\CodeIgniter.php(326): CodeIgniter\CodeIgniter->handleRequest(NULL, Object(Config\Cache), false)
#4 D:\Documentos\Projetos\Estudos\php-food-delivery\public\index.php(37): CodeIgniter\CodeIgniter->run()
#5 D:\Documentos\Projetos\Estudos\php-food-delivery\system\Commands\Server\rewrite.php(43): require_once('D:\\Documentos\\P...')
#6 {main}
CRITICAL - 2022-04-27 05:47:29 --> Argument 1 passed to App\Controllers\Admin\Usuarios::buscaUsuarioOu404() must be of the type int or null, string given, called in D:\Documentos\Projetos\Estudos\php-food-delivery\app\Controllers\Admin\Usuarios.php on line 138
#0 D:\Documentos\Projetos\Estudos\php-food-delivery\app\Controllers\Admin\Usuarios.php(138): App\Controllers\Admin\Usuarios->buscaUsuarioOu404('images')
#1 D:\Documentos\Projetos\Estudos\php-food-delivery\system\CodeIgniter.php(832): App\Controllers\Admin\Usuarios->excluir('images', 'faces', 'face5.jpg')
#2 D:\Documentos\Projetos\Estudos\php-food-delivery\system\CodeIgniter.php(419): CodeIgniter\CodeIgniter->runController(Object(App\Controllers\Admin\Usuarios))
#3 D:\Documentos\Projetos\Estudos\php-food-delivery\system\CodeIgniter.php(326): CodeIgniter\CodeIgniter->handleRequest(NULL, Object(Config\Cache), false)
#4 D:\Documentos\Projetos\Estudos\php-food-delivery\public\index.php(37): CodeIgniter\CodeIgniter->run()
#5 D:\Documentos\Projetos\Estudos\php-food-delivery\system\Commands\Server\rewrite.php(43): require_once('D:\\Documentos\\P...')
#6 {main}
CRITICAL - 2022-04-27 05:47:29 --> Argument 1 passed to App\Controllers\Admin\Usuarios::buscaUsuarioOu404() must be of the type int or null, string given, called in D:\Documentos\Projetos\Estudos\php-food-delivery\app\Controllers\Admin\Usuarios.php on line 138
#0 D:\Documentos\Projetos\Estudos\php-food-delivery\app\Controllers\Admin\Usuarios.php(138): App\Controllers\Admin\Usuarios->buscaUsuarioOu404('images')
#1 D:\Documentos\Projetos\Estudos\php-food-delivery\system\CodeIgniter.php(832): App\Controllers\Admin\Usuarios->excluir('images', 'faces', 'face3.jpg')
#2 D:\Documentos\Projetos\Estudos\php-food-delivery\system\CodeIgniter.php(419): CodeIgniter\CodeIgniter->runController(Object(App\Controllers\Admin\Usuarios))
#3 D:\Documentos\Projetos\Estudos\php-food-delivery\system\CodeIgniter.php(326): CodeIgniter\CodeIgniter->handleRequest(NULL, Object(Config\Cache), false)
#4 D:\Documentos\Projetos\Estudos\php-food-delivery\public\index.php(37): CodeIgniter\CodeIgniter->run()
#5 D:\Documentos\Projetos\Estudos\php-food-delivery\system\Commands\Server\rewrite.php(43): require_once('D:\\Documentos\\P...')
#6 {main}
CRITICAL - 2022-04-27 05:48:07 --> Argument 1 passed to App\Controllers\Admin\Usuarios::buscaUsuarioOu404() must be of the type int or null, string given, called in D:\Documentos\Projetos\Estudos\php-food-delivery\app\Controllers\Admin\Usuarios.php on line 138
#0 D:\Documentos\Projetos\Estudos\php-food-delivery\app\Controllers\Admin\Usuarios.php(138): App\Controllers\Admin\Usuarios->buscaUsuarioOu404('images')
#1 D:\Documentos\Projetos\Estudos\php-food-delivery\system\CodeIgniter.php(832): App\Controllers\Admin\Usuarios->excluir('images', 'logo.svg')
#2 D:\Documentos\Projetos\Estudos\php-food-delivery\system\CodeIgniter.php(419): CodeIgniter\CodeIgniter->runController(Object(App\Controllers\Admin\Usuarios))
#3 D:\Documentos\Projetos\Estudos\php-food-delivery\system\CodeIgniter.php(326): CodeIgniter\CodeIgniter->handleRequest(NULL, Object(Config\Cache), false)
#4 D:\Documentos\Projetos\Estudos\php-food-delivery\public\index.php(37): CodeIgniter\CodeIgniter->run()
#5 D:\Documentos\Projetos\Estudos\php-food-delivery\system\Commands\Server\rewrite.php(43): require_once('D:\\Documentos\\P...')
#6 {main}
CRITICAL - 2022-04-27 05:48:07 --> Argument 1 passed to App\Controllers\Admin\Usuarios::buscaUsuarioOu404() must be of the type int or null, string given, called in D:\Documentos\Projetos\Estudos\php-food-delivery\app\Controllers\Admin\Usuarios.php on line 138
#0 D:\Documentos\Projetos\Estudos\php-food-delivery\app\Controllers\Admin\Usuarios.php(138): App\Controllers\Admin\Usuarios->buscaUsuarioOu404('images')
#1 D:\Documentos\Projetos\Estudos\php-food-delivery\system\CodeIgniter.php(832): App\Controllers\Admin\Usuarios->excluir('images', 'logo-mini.svg')
#2 D:\Documentos\Projetos\Estudos\php-food-delivery\system\CodeIgniter.php(419): CodeIgniter\CodeIgniter->runController(Object(App\Controllers\Admin\Usuarios))
#3 D:\Documentos\Projetos\Estudos\php-food-delivery\system\CodeIgniter.php(326): CodeIgniter\CodeIgniter->handleRequest(NULL, Object(Config\Cache), false)
#4 D:\Documentos\Projetos\Estudos\php-food-delivery\public\index.php(37): CodeIgniter\CodeIgniter->run()
#5 D:\Documentos\Projetos\Estudos\php-food-delivery\system\Commands\Server\rewrite.php(43): require_once('D:\\Documentos\\P...')
#6 {main}
CRITICAL - 2022-04-27 05:48:07 --> Argument 1 passed to App\Controllers\Admin\Usuarios::buscaUsuarioOu404() must be of the type int or null, string given, called in D:\Documentos\Projetos\Estudos\php-food-delivery\app\Controllers\Admin\Usuarios.php on line 138
#0 D:\Documentos\Projetos\Estudos\php-food-delivery\app\Controllers\Admin\Usuarios.php(138): App\Controllers\Admin\Usuarios->buscaUsuarioOu404('images')
#1 D:\Documentos\Projetos\Estudos\php-food-delivery\system\CodeIgniter.php(832): App\Controllers\Admin\Usuarios->excluir('images', 'faces', 'face4.jpg')
#2 D:\Documentos\Projetos\Estudos\php-food-delivery\system\CodeIgniter.php(419): CodeIgniter\CodeIgniter->runController(Object(App\Controllers\Admin\Usuarios))
#3 D:\Documentos\Projetos\Estudos\php-food-delivery\system\CodeIgniter.php(326): CodeIgniter\CodeIgniter->handleRequest(NULL, Object(Config\Cache), false)
#4 D:\Documentos\Projetos\Estudos\php-food-delivery\public\index.php(37): CodeIgniter\CodeIgniter->run()
#5 D:\Documentos\Projetos\Estudos\php-food-delivery\system\Commands\Server\rewrite.php(43): require_once('D:\\Documentos\\P...')
#6 {main}
CRITICAL - 2022-04-27 05:48:07 --> Argument 1 passed to App\Controllers\Admin\Usuarios::buscaUsuarioOu404() must be of the type int or null, string given, called in D:\Documentos\Projetos\Estudos\php-food-delivery\app\Controllers\Admin\Usuarios.php on line 138
#0 D:\Documentos\Projetos\Estudos\php-food-delivery\app\Controllers\Admin\Usuarios.php(138): App\Controllers\Admin\Usuarios->buscaUsuarioOu404('images')
#1 D:\Documentos\Projetos\Estudos\php-food-delivery\system\CodeIgniter.php(832): App\Controllers\Admin\Usuarios->excluir('images', 'faces', 'face2.jpg')
#2 D:\Documentos\Projetos\Estudos\php-food-delivery\system\CodeIgniter.php(419): CodeIgniter\CodeIgniter->runController(Object(App\Controllers\Admin\Usuarios))
#3 D:\Documentos\Projetos\Estudos\php-food-delivery\system\CodeIgniter.php(326): CodeIgniter\CodeIgniter->handleRequest(NULL, Object(Config\Cache), false)
#4 D:\Documentos\Projetos\Estudos\php-food-delivery\public\index.php(37): CodeIgniter\CodeIgniter->run()
#5 D:\Documentos\Projetos\Estudos\php-food-delivery\system\Commands\Server\rewrite.php(43): require_once('D:\\Documentos\\P...')
#6 {main}
CRITICAL - 2022-04-27 05:48:07 --> Argument 1 passed to App\Controllers\Admin\Usuarios::buscaUsuarioOu404() must be of the type int or null, string given, called in D:\Documentos\Projetos\Estudos\php-food-delivery\app\Controllers\Admin\Usuarios.php on line 138
#0 D:\Documentos\Projetos\Estudos\php-food-delivery\app\Controllers\Admin\Usuarios.php(138): App\Controllers\Admin\Usuarios->buscaUsuarioOu404('images')
#1 D:\Documentos\Projetos\Estudos\php-food-delivery\system\CodeIgniter.php(832): App\Controllers\Admin\Usuarios->excluir('images', 'faces', 'face5.jpg')
#2 D:\Documentos\Projetos\Estudos\php-food-delivery\system\CodeIgniter.php(419): CodeIgniter\CodeIgniter->runController(Object(App\Controllers\Admin\Usuarios))
#3 D:\Documentos\Projetos\Estudos\php-food-delivery\system\CodeIgniter.php(326): CodeIgniter\CodeIgniter->handleRequest(NULL, Object(Config\Cache), false)
#4 D:\Documentos\Projetos\Estudos\php-food-delivery\public\index.php(37): CodeIgniter\CodeIgniter->run()
#5 D:\Documentos\Projetos\Estudos\php-food-delivery\system\Commands\Server\rewrite.php(43): require_once('D:\\Documentos\\P...')
#6 {main}
CRITICAL - 2022-04-27 05:48:07 --> Argument 1 passed to App\Controllers\Admin\Usuarios::buscaUsuarioOu404() must be of the type int or null, string given, called in D:\Documentos\Projetos\Estudos\php-food-delivery\app\Controllers\Admin\Usuarios.php on line 138
#0 D:\Documentos\Projetos\Estudos\php-food-delivery\app\Controllers\Admin\Usuarios.php(138): App\Controllers\Admin\Usuarios->buscaUsuarioOu404('images')
#1 D:\Documentos\Projetos\Estudos\php-food-delivery\system\CodeIgniter.php(832): App\Controllers\Admin\Usuarios->excluir('images', 'faces', 'face3.jpg')
#2 D:\Documentos\Projetos\Estudos\php-food-delivery\system\CodeIgniter.php(419): CodeIgniter\CodeIgniter->runController(Object(App\Controllers\Admin\Usuarios))
#3 D:\Documentos\Projetos\Estudos\php-food-delivery\system\CodeIgniter.php(326): CodeIgniter\CodeIgniter->handleRequest(NULL, Object(Config\Cache), false)
#4 D:\Documentos\Projetos\Estudos\php-food-delivery\public\index.php(37): CodeIgniter\CodeIgniter->run()
#5 D:\Documentos\Projetos\Estudos\php-food-delivery\system\Commands\Server\rewrite.php(43): require_once('D:\\Documentos\\P...')
#6 {main}
CRITICAL - 2022-04-27 05:48:35 --> Argument 1 passed to App\Controllers\Admin\Usuarios::buscaUsuarioOu404() must be of the type int or null, string given, called in D:\Documentos\Projetos\Estudos\php-food-delivery\app\Controllers\Admin\Usuarios.php on line 138
#0 D:\Documentos\Projetos\Estudos\php-food-delivery\app\Controllers\Admin\Usuarios.php(138): App\Controllers\Admin\Usuarios->buscaUsuarioOu404('images')
#1 D:\Documentos\Projetos\Estudos\php-food-delivery\system\CodeIgniter.php(832): App\Controllers\Admin\Usuarios->excluir('images', 'logo.svg')
#2 D:\Documentos\Projetos\Estudos\php-food-delivery\system\CodeIgniter.php(419): CodeIgniter\CodeIgniter->runController(Object(App\Controllers\Admin\Usuarios))
#3 D:\Documentos\Projetos\Estudos\php-food-delivery\system\CodeIgniter.php(326): CodeIgniter\CodeIgniter->handleRequest(NULL, Object(Config\Cache), false)
#4 D:\Documentos\Projetos\Estudos\php-food-delivery\public\index.php(37): CodeIgniter\CodeIgniter->run()
#5 D:\Documentos\Projetos\Estudos\php-food-delivery\system\Commands\Server\rewrite.php(43): require_once('D:\\Documentos\\P...')
#6 {main}
CRITICAL - 2022-04-27 05:48:35 --> Argument 1 passed to App\Controllers\Admin\Usuarios::buscaUsuarioOu404() must be of the type int or null, string given, called in D:\Documentos\Projetos\Estudos\php-food-delivery\app\Controllers\Admin\Usuarios.php on line 138
#0 D:\Documentos\Projetos\Estudos\php-food-delivery\app\Controllers\Admin\Usuarios.php(138): App\Controllers\Admin\Usuarios->buscaUsuarioOu404('images')
#1 D:\Documentos\Projetos\Estudos\php-food-delivery\system\CodeIgniter.php(832): App\Controllers\Admin\Usuarios->excluir('images', 'logo-mini.svg')
#2 D:\Documentos\Projetos\Estudos\php-food-delivery\system\CodeIgniter.php(419): CodeIgniter\CodeIgniter->runController(Object(App\Controllers\Admin\Usuarios))
#3 D:\Documentos\Projetos\Estudos\php-food-delivery\system\CodeIgniter.php(326): CodeIgniter\CodeIgniter->handleRequest(NULL, Object(Config\Cache), false)
#4 D:\Documentos\Projetos\Estudos\php-food-delivery\public\index.php(37): CodeIgniter\CodeIgniter->run()
#5 D:\Documentos\Projetos\Estudos\php-food-delivery\system\Commands\Server\rewrite.php(43): require_once('D:\\Documentos\\P...')
#6 {main}
CRITICAL - 2022-04-27 05:48:35 --> Argument 1 passed to App\Controllers\Admin\Usuarios::buscaUsuarioOu404() must be of the type int or null, string given, called in D:\Documentos\Projetos\Estudos\php-food-delivery\app\Controllers\Admin\Usuarios.php on line 138
#0 D:\Documentos\Projetos\Estudos\php-food-delivery\app\Controllers\Admin\Usuarios.php(138): App\Controllers\Admin\Usuarios->buscaUsuarioOu404('images')
#1 D:\Documentos\Projetos\Estudos\php-food-delivery\system\CodeIgniter.php(832): App\Controllers\Admin\Usuarios->excluir('images', 'faces', 'face4.jpg')
#2 D:\Documentos\Projetos\Estudos\php-food-delivery\system\CodeIgniter.php(419): CodeIgniter\CodeIgniter->runController(Object(App\Controllers\Admin\Usuarios))
#3 D:\Documentos\Projetos\Estudos\php-food-delivery\system\CodeIgniter.php(326): CodeIgniter\CodeIgniter->handleRequest(NULL, Object(Config\Cache), false)
#4 D:\Documentos\Projetos\Estudos\php-food-delivery\public\index.php(37): CodeIgniter\CodeIgniter->run()
#5 D:\Documentos\Projetos\Estudos\php-food-delivery\system\Commands\Server\rewrite.php(43): require_once('D:\\Documentos\\P...')
#6 {main}
CRITICAL - 2022-04-27 05:48:35 --> Argument 1 passed to App\Controllers\Admin\Usuarios::buscaUsuarioOu404() must be of the type int or null, string given, called in D:\Documentos\Projetos\Estudos\php-food-delivery\app\Controllers\Admin\Usuarios.php on line 138
#0 D:\Documentos\Projetos\Estudos\php-food-delivery\app\Controllers\Admin\Usuarios.php(138): App\Controllers\Admin\Usuarios->buscaUsuarioOu404('images')
#1 D:\Documentos\Projetos\Estudos\php-food-delivery\system\CodeIgniter.php(832): App\Controllers\Admin\Usuarios->excluir('images', 'faces', 'face5.jpg')
#2 D:\Documentos\Projetos\Estudos\php-food-delivery\system\CodeIgniter.php(419): CodeIgniter\CodeIgniter->runController(Object(App\Controllers\Admin\Usuarios))
#3 D:\Documentos\Projetos\Estudos\php-food-delivery\system\CodeIgniter.php(326): CodeIgniter\CodeIgniter->handleRequest(NULL, Object(Config\Cache), false)
#4 D:\Documentos\Projetos\Estudos\php-food-delivery\public\index.php(37): CodeIgniter\CodeIgniter->run()
#5 D:\Documentos\Projetos\Estudos\php-food-delivery\system\Commands\Server\rewrite.php(43): require_once('D:\\Documentos\\P...')
#6 {main}
CRITICAL - 2022-04-27 05:48:35 --> Argument 1 passed to App\Controllers\Admin\Usuarios::buscaUsuarioOu404() must be of the type int or null, string given, called in D:\Documentos\Projetos\Estudos\php-food-delivery\app\Controllers\Admin\Usuarios.php on line 138
#0 D:\Documentos\Projetos\Estudos\php-food-delivery\app\Controllers\Admin\Usuarios.php(138): App\Controllers\Admin\Usuarios->buscaUsuarioOu404('images')
#1 D:\Documentos\Projetos\Estudos\php-food-delivery\system\CodeIgniter.php(832): App\Controllers\Admin\Usuarios->excluir('images', 'faces', 'face2.jpg')
#2 D:\Documentos\Projetos\Estudos\php-food-delivery\system\CodeIgniter.php(419): CodeIgniter\CodeIgniter->runController(Object(App\Controllers\Admin\Usuarios))
#3 D:\Documentos\Projetos\Estudos\php-food-delivery\system\CodeIgniter.php(326): CodeIgniter\CodeIgniter->handleRequest(NULL, Object(Config\Cache), false)
#4 D:\Documentos\Projetos\Estudos\php-food-delivery\public\index.php(37): CodeIgniter\CodeIgniter->run()
#5 D:\Documentos\Projetos\Estudos\php-food-delivery\system\Commands\Server\rewrite.php(43): require_once('D:\\Documentos\\P...')
#6 {main}
CRITICAL - 2022-04-27 05:48:35 --> Argument 1 passed to App\Controllers\Admin\Usuarios::buscaUsuarioOu404() must be of the type int or null, string given, called in D:\Documentos\Projetos\Estudos\php-food-delivery\app\Controllers\Admin\Usuarios.php on line 138
#0 D:\Documentos\Projetos\Estudos\php-food-delivery\app\Controllers\Admin\Usuarios.php(138): App\Controllers\Admin\Usuarios->buscaUsuarioOu404('images')
#1 D:\Documentos\Projetos\Estudos\php-food-delivery\system\CodeIgniter.php(832): App\Controllers\Admin\Usuarios->excluir('images', 'faces', 'face3.jpg')
#2 D:\Documentos\Projetos\Estudos\php-food-delivery\system\CodeIgniter.php(419): CodeIgniter\CodeIgniter->runController(Object(App\Controllers\Admin\Usuarios))
#3 D:\Documentos\Projetos\Estudos\php-food-delivery\system\CodeIgniter.php(326): CodeIgniter\CodeIgniter->handleRequest(NULL, Object(Config\Cache), false)
#4 D:\Documentos\Projetos\Estudos\php-food-delivery\public\index.php(37): CodeIgniter\CodeIgniter->run()
#5 D:\Documentos\Projetos\Estudos\php-food-delivery\system\Commands\Server\rewrite.php(43): require_once('D:\\Documentos\\P...')
#6 {main}
CRITICAL - 2022-04-27 05:54:21 --> Argument 1 passed to App\Controllers\Admin\Usuarios::buscaUsuarioOu404() must be of the type int or null, string given, called in D:\Documentos\Projetos\Estudos\php-food-delivery\app\Controllers\Admin\Usuarios.php on line 48
#0 D:\Documentos\Projetos\Estudos\php-food-delivery\app\Controllers\Admin\Usuarios.php(48): App\Controllers\Admin\Usuarios->buscaUsuarioOu404('images')
#1 D:\Documentos\Projetos\Estudos\php-food-delivery\system\CodeIgniter.php(832): App\Controllers\Admin\Usuarios->show('images', 'logo.svg')
#2 D:\Documentos\Projetos\Estudos\php-food-delivery\system\CodeIgniter.php(419): CodeIgniter\CodeIgniter->runController(Object(App\Controllers\Admin\Usuarios))
#3 D:\Documentos\Projetos\Estudos\php-food-delivery\system\CodeIgniter.php(326): CodeIgniter\CodeIgniter->handleRequest(NULL, Object(Config\Cache), false)
#4 D:\Documentos\Projetos\Estudos\php-food-delivery\public\index.php(37): CodeIgniter\CodeIgniter->run()
#5 D:\Documentos\Projetos\Estudos\php-food-delivery\system\Commands\Server\rewrite.php(43): require_once('D:\\Documentos\\P...')
#6 {main}
CRITICAL - 2022-04-27 05:54:21 --> Argument 1 passed to App\Controllers\Admin\Usuarios::buscaUsuarioOu404() must be of the type int or null, string given, called in D:\Documentos\Projetos\Estudos\php-food-delivery\app\Controllers\Admin\Usuarios.php on line 48
#0 D:\Documentos\Projetos\Estudos\php-food-delivery\app\Controllers\Admin\Usuarios.php(48): App\Controllers\Admin\Usuarios->buscaUsuarioOu404('images')
#1 D:\Documentos\Projetos\Estudos\php-food-delivery\system\CodeIgniter.php(832): App\Controllers\Admin\Usuarios->show('images', 'logo-mini.svg')
#2 D:\Documentos\Projetos\Estudos\php-food-delivery\system\CodeIgniter.php(419): CodeIgniter\CodeIgniter->runController(Object(App\Controllers\Admin\Usuarios))
#3 D:\Documentos\Projetos\Estudos\php-food-delivery\system\CodeIgniter.php(326): CodeIgniter\CodeIgniter->handleRequest(NULL, Object(Config\Cache), false)
#4 D:\Documentos\Projetos\Estudos\php-food-delivery\public\index.php(37): CodeIgniter\CodeIgniter->run()
#5 D:\Documentos\Projetos\Estudos\php-food-delivery\system\Commands\Server\rewrite.php(43): require_once('D:\\Documentos\\P...')
#6 {main}
CRITICAL - 2022-04-27 05:54:21 --> Argument 1 passed to App\Controllers\Admin\Usuarios::buscaUsuarioOu404() must be of the type int or null, string given, called in D:\Documentos\Projetos\Estudos\php-food-delivery\app\Controllers\Admin\Usuarios.php on line 48
#0 D:\Documentos\Projetos\Estudos\php-food-delivery\app\Controllers\Admin\Usuarios.php(48): App\Controllers\Admin\Usuarios->buscaUsuarioOu404('images')
#1 D:\Documentos\Projetos\Estudos\php-food-delivery\system\CodeIgniter.php(832): App\Controllers\Admin\Usuarios->show('images', 'faces', 'face4.jpg')
#2 D:\Documentos\Projetos\Estudos\php-food-delivery\system\CodeIgniter.php(419): CodeIgniter\CodeIgniter->runController(Object(App\Controllers\Admin\Usuarios))
#3 D:\Documentos\Projetos\Estudos\php-food-delivery\system\CodeIgniter.php(326): CodeIgniter\CodeIgniter->handleRequest(NULL, Object(Config\Cache), false)
#4 D:\Documentos\Projetos\Estudos\php-food-delivery\public\index.php(37): CodeIgniter\CodeIgniter->run()
#5 D:\Documentos\Projetos\Estudos\php-food-delivery\system\Commands\Server\rewrite.php(43): require_once('D:\\Documentos\\P...')
#6 {main}
CRITICAL - 2022-04-27 05:54:21 --> Argument 1 passed to App\Controllers\Admin\Usuarios::buscaUsuarioOu404() must be of the type int or null, string given, called in D:\Documentos\Projetos\Estudos\php-food-delivery\app\Controllers\Admin\Usuarios.php on line 48
#0 D:\Documentos\Projetos\Estudos\php-food-delivery\app\Controllers\Admin\Usuarios.php(48): App\Controllers\Admin\Usuarios->buscaUsuarioOu404('images')
#1 D:\Documentos\Projetos\Estudos\php-food-delivery\system\CodeIgniter.php(832): App\Controllers\Admin\Usuarios->show('images', 'faces', 'face2.jpg')
#2 D:\Documentos\Projetos\Estudos\php-food-delivery\system\CodeIgniter.php(419): CodeIgniter\CodeIgniter->runController(Object(App\Controllers\Admin\Usuarios))
#3 D:\Documentos\Projetos\Estudos\php-food-delivery\system\CodeIgniter.php(326): CodeIgniter\CodeIgniter->handleRequest(NULL, Object(Config\Cache), false)
#4 D:\Documentos\Projetos\Estudos\php-food-delivery\public\index.php(37): CodeIgniter\CodeIgniter->run()
#5 D:\Documentos\Projetos\Estudos\php-food-delivery\system\Commands\Server\rewrite.php(43): require_once('D:\\Documentos\\P...')
#6 {main}
CRITICAL - 2022-04-27 05:54:21 --> Argument 1 passed to App\Controllers\Admin\Usuarios::buscaUsuarioOu404() must be of the type int or null, string given, called in D:\Documentos\Projetos\Estudos\php-food-delivery\app\Controllers\Admin\Usuarios.php on line 48
#0 D:\Documentos\Projetos\Estudos\php-food-delivery\app\Controllers\Admin\Usuarios.php(48): App\Controllers\Admin\Usuarios->buscaUsuarioOu404('images')
#1 D:\Documentos\Projetos\Estudos\php-food-delivery\system\CodeIgniter.php(832): App\Controllers\Admin\Usuarios->show('images', 'faces', 'face5.jpg')
#2 D:\Documentos\Projetos\Estudos\php-food-delivery\system\CodeIgniter.php(419): CodeIgniter\CodeIgniter->runController(Object(App\Controllers\Admin\Usuarios))
#3 D:\Documentos\Projetos\Estudos\php-food-delivery\system\CodeIgniter.php(326): CodeIgniter\CodeIgniter->handleRequest(NULL, Object(Config\Cache), false)
#4 D:\Documentos\Projetos\Estudos\php-food-delivery\public\index.php(37): CodeIgniter\CodeIgniter->run()
#5 D:\Documentos\Projetos\Estudos\php-food-delivery\system\Commands\Server\rewrite.php(43): require_once('D:\\Documentos\\P...')
#6 {main}
CRITICAL - 2022-04-27 05:54:21 --> Argument 1 passed to App\Controllers\Admin\Usuarios::buscaUsuarioOu404() must be of the type int or null, string given, called in D:\Documentos\Projetos\Estudos\php-food-delivery\app\Controllers\Admin\Usuarios.php on line 48
#0 D:\Documentos\Projetos\Estudos\php-food-delivery\app\Controllers\Admin\Usuarios.php(48): App\Controllers\Admin\Usuarios->buscaUsuarioOu404('images')
#1 D:\Documentos\Projetos\Estudos\php-food-delivery\system\CodeIgniter.php(832): App\Controllers\Admin\Usuarios->show('images', 'faces', 'face3.jpg')
#2 D:\Documentos\Projetos\Estudos\php-food-delivery\system\CodeIgniter.php(419): CodeIgniter\CodeIgniter->runController(Object(App\Controllers\Admin\Usuarios))
#3 D:\Documentos\Projetos\Estudos\php-food-delivery\system\CodeIgniter.php(326): CodeIgniter\CodeIgniter->handleRequest(NULL, Object(Config\Cache), false)
#4 D:\Documentos\Projetos\Estudos\php-food-delivery\public\index.php(37): CodeIgniter\CodeIgniter->run()
#5 D:\Documentos\Projetos\Estudos\php-food-delivery\system\Commands\Server\rewrite.php(43): require_once('D:\\Documentos\\P...')
#6 {main}
CRITICAL - 2022-04-27 05:54:22 --> Argument 1 passed to App\Controllers\Admin\Usuarios::buscaUsuarioOu404() must be of the type int or null, string given, called in D:\Documentos\Projetos\Estudos\php-food-delivery\app\Controllers\Admin\Usuarios.php on line 138
#0 D:\Documentos\Projetos\Estudos\php-food-delivery\app\Controllers\Admin\Usuarios.php(138): App\Controllers\Admin\Usuarios->buscaUsuarioOu404('images')
#1 D:\Documentos\Projetos\Estudos\php-food-delivery\system\CodeIgniter.php(832): App\Controllers\Admin\Usuarios->excluir('images', 'logo.svg')
#2 D:\Documentos\Projetos\Estudos\php-food-delivery\system\CodeIgniter.php(419): CodeIgniter\CodeIgniter->runController(Object(App\Controllers\Admin\Usuarios))
#3 D:\Documentos\Projetos\Estudos\php-food-delivery\system\CodeIgniter.php(326): CodeIgniter\CodeIgniter->handleRequest(NULL, Object(Config\Cache), false)
#4 D:\Documentos\Projetos\Estudos\php-food-delivery\public\index.php(37): CodeIgniter\CodeIgniter->run()
#5 D:\Documentos\Projetos\Estudos\php-food-delivery\system\Commands\Server\rewrite.php(43): require_once('D:\\Documentos\\P...')
#6 {main}
CRITICAL - 2022-04-27 05:54:22 --> Argument 1 passed to App\Controllers\Admin\Usuarios::buscaUsuarioOu404() must be of the type int or null, string given, called in D:\Documentos\Projetos\Estudos\php-food-delivery\app\Controllers\Admin\Usuarios.php on line 138
#0 D:\Documentos\Projetos\Estudos\php-food-delivery\app\Controllers\Admin\Usuarios.php(138): App\Controllers\Admin\Usuarios->buscaUsuarioOu404('images')
#1 D:\Documentos\Projetos\Estudos\php-food-delivery\system\CodeIgniter.php(832): App\Controllers\Admin\Usuarios->excluir('images', 'logo-mini.svg')
#2 D:\Documentos\Projetos\Estudos\php-food-delivery\system\CodeIgniter.php(419): CodeIgniter\CodeIgniter->runController(Object(App\Controllers\Admin\Usuarios))
#3 D:\Documentos\Projetos\Estudos\php-food-delivery\system\CodeIgniter.php(326): CodeIgniter\CodeIgniter->handleRequest(NULL, Object(Config\Cache), false)
#4 D:\Documentos\Projetos\Estudos\php-food-delivery\public\index.php(37): CodeIgniter\CodeIgniter->run()
#5 D:\Documentos\Projetos\Estudos\php-food-delivery\system\Commands\Server\rewrite.php(43): require_once('D:\\Documentos\\P...')
#6 {main}
CRITICAL - 2022-04-27 05:54:22 --> Argument 1 passed to App\Controllers\Admin\Usuarios::buscaUsuarioOu404() must be of the type int or null, string given, called in D:\Documentos\Projetos\Estudos\php-food-delivery\app\Controllers\Admin\Usuarios.php on line 138
#0 D:\Documentos\Projetos\Estudos\php-food-delivery\app\Controllers\Admin\Usuarios.php(138): App\Controllers\Admin\Usuarios->buscaUsuarioOu404('images')
#1 D:\Documentos\Projetos\Estudos\php-food-delivery\system\CodeIgniter.php(832): App\Controllers\Admin\Usuarios->excluir('images', 'faces', 'face4.jpg')
#2 D:\Documentos\Projetos\Estudos\php-food-delivery\system\CodeIgniter.php(419): CodeIgniter\CodeIgniter->runController(Object(App\Controllers\Admin\Usuarios))
#3 D:\Documentos\Projetos\Estudos\php-food-delivery\system\CodeIgniter.php(326): CodeIgniter\CodeIgniter->handleRequest(NULL, Object(Config\Cache), false)
#4 D:\Documentos\Projetos\Estudos\php-food-delivery\public\index.php(37): CodeIgniter\CodeIgniter->run()
#5 D:\Documentos\Projetos\Estudos\php-food-delivery\system\Commands\Server\rewrite.php(43): require_once('D:\\Documentos\\P...')
#6 {main}
CRITICAL - 2022-04-27 05:54:22 --> Argument 1 passed to App\Controllers\Admin\Usuarios::buscaUsuarioOu404() must be of the type int or null, string given, called in D:\Documentos\Projetos\Estudos\php-food-delivery\app\Controllers\Admin\Usuarios.php on line 138
#0 D:\Documentos\Projetos\Estudos\php-food-delivery\app\Controllers\Admin\Usuarios.php(138): App\Controllers\Admin\Usuarios->buscaUsuarioOu404('images')
#1 D:\Documentos\Projetos\Estudos\php-food-delivery\system\CodeIgniter.php(832): App\Controllers\Admin\Usuarios->excluir('images', 'faces', 'face5.jpg')
#2 D:\Documentos\Projetos\Estudos\php-food-delivery\system\CodeIgniter.php(419): CodeIgniter\CodeIgniter->runController(Object(App\Controllers\Admin\Usuarios))
#3 D:\Documentos\Projetos\Estudos\php-food-delivery\system\CodeIgniter.php(326): CodeIgniter\CodeIgniter->handleRequest(NULL, Object(Config\Cache), false)
#4 D:\Documentos\Projetos\Estudos\php-food-delivery\public\index.php(37): CodeIgniter\CodeIgniter->run()
#5 D:\Documentos\Projetos\Estudos\php-food-delivery\system\Commands\Server\rewrite.php(43): require_once('D:\\Documentos\\P...')
#6 {main}
CRITICAL - 2022-04-27 05:54:23 --> Argument 1 passed to App\Controllers\Admin\Usuarios::buscaUsuarioOu404() must be of the type int or null, string given, called in D:\Documentos\Projetos\Estudos\php-food-delivery\app\Controllers\Admin\Usuarios.php on line 138
#0 D:\Documentos\Projetos\Estudos\php-food-delivery\app\Controllers\Admin\Usuarios.php(138): App\Controllers\Admin\Usuarios->buscaUsuarioOu404('images')
#1 D:\Documentos\Projetos\Estudos\php-food-delivery\system\CodeIgniter.php(832): App\Controllers\Admin\Usuarios->excluir('images', 'faces', 'face2.jpg')
#2 D:\Documentos\Projetos\Estudos\php-food-delivery\system\CodeIgniter.php(419): CodeIgniter\CodeIgniter->runController(Object(App\Controllers\Admin\Usuarios))
#3 D:\Documentos\Projetos\Estudos\php-food-delivery\system\CodeIgniter.php(326): CodeIgniter\CodeIgniter->handleRequest(NULL, Object(Config\Cache), false)
#4 D:\Documentos\Projetos\Estudos\php-food-delivery\public\index.php(37): CodeIgniter\CodeIgniter->run()
#5 D:\Documentos\Projetos\Estudos\php-food-delivery\system\Commands\Server\rewrite.php(43): require_once('D:\\Documentos\\P...')
#6 {main}
CRITICAL - 2022-04-27 05:54:23 --> Argument 1 passed to App\Controllers\Admin\Usuarios::buscaUsuarioOu404() must be of the type int or null, string given, called in D:\Documentos\Projetos\Estudos\php-food-delivery\app\Controllers\Admin\Usuarios.php on line 138
#0 D:\Documentos\Projetos\Estudos\php-food-delivery\app\Controllers\Admin\Usuarios.php(138): App\Controllers\Admin\Usuarios->buscaUsuarioOu404('images')
#1 D:\Documentos\Projetos\Estudos\php-food-delivery\system\CodeIgniter.php(832): App\Controllers\Admin\Usuarios->excluir('images', 'faces', 'face3.jpg')
#2 D:\Documentos\Projetos\Estudos\php-food-delivery\system\CodeIgniter.php(419): CodeIgniter\CodeIgniter->runController(Object(App\Controllers\Admin\Usuarios))
#3 D:\Documentos\Projetos\Estudos\php-food-delivery\system\CodeIgniter.php(326): CodeIgniter\CodeIgniter->handleRequest(NULL, Object(Config\Cache), false)
#4 D:\Documentos\Projetos\Estudos\php-food-delivery\public\index.php(37): CodeIgniter\CodeIgniter->run()
#5 D:\Documentos\Projetos\Estudos\php-food-delivery\system\Commands\Server\rewrite.php(43): require_once('D:\\Documentos\\P...')
#6 {main}
