CRITICAL - 2022-03-13 15:48:28 --> Undefined variable: var
#0 D:\Documentos\Projetos\Estudos\php-food-delivery\app\Views\welcome_message.php(260): CodeIgniter\Debug\Exceptions->errorHandler(8, 'Undefined varia...', 'D:\\Documentos\\P...', 260, Array)
#1 D:\Documentos\Projetos\Estudos\php-food-delivery\system\View\View.php(210): include('D:\\Documentos\\P...')
#2 D:\Documentos\Projetos\Estudos\php-food-delivery\system\View\View.php(213): CodeIgniter\View\View->CodeIgniter\View\{closure}()
#3 D:\Documentos\Projetos\Estudos\php-food-delivery\system\Common.php(1089): CodeIgniter\View\View->render('welcome_message', Array, true)
#4 D:\Documentos\Projetos\Estudos\php-food-delivery\app\Controllers\Home.php(9): view('welcome_message')
#5 D:\Documentos\Projetos\Estudos\php-food-delivery\system\CodeIgniter.php(832): App\Controllers\Home->index()
#6 D:\Documentos\Projetos\Estudos\php-food-delivery\system\CodeIgniter.php(419): CodeIgniter\CodeIgniter->runController(Object(App\Controllers\Home))
#7 D:\Documentos\Projetos\Estudos\php-food-delivery\system\CodeIgniter.php(326): CodeIgniter\CodeIgniter->handleRequest(NULL, Object(Config\Cache), false)
#8 D:\Documentos\Projetos\Estudos\php-food-delivery\public\index.php(37): CodeIgniter\CodeIgniter->run()
#9 D:\Documentos\Projetos\Estudos\php-food-delivery\system\Commands\Server\rewrite.php(43): require_once('D:\\Documentos\\P...')
#10 {main}
CRITICAL - 2022-03-13 15:48:42 --> Undefined variable: var
#0 D:\Documentos\Projetos\Estudos\php-food-delivery\app\Views\welcome_message.php(260): CodeIgniter\Debug\Exceptions->errorHandler(8, 'Undefined varia...', 'D:\\Documentos\\P...', 260, Array)
#1 D:\Documentos\Projetos\Estudos\php-food-delivery\system\View\View.php(210): include('D:\\Documentos\\P...')
#2 D:\Documentos\Projetos\Estudos\php-food-delivery\system\View\View.php(213): CodeIgniter\View\View->CodeIgniter\View\{closure}()
#3 D:\Documentos\Projetos\Estudos\php-food-delivery\system\Common.php(1089): CodeIgniter\View\View->render('welcome_message', Array, true)
#4 D:\Documentos\Projetos\Estudos\php-food-delivery\app\Controllers\Home.php(9): view('welcome_message')
#5 D:\Documentos\Projetos\Estudos\php-food-delivery\system\CodeIgniter.php(832): App\Controllers\Home->index()
#6 D:\Documentos\Projetos\Estudos\php-food-delivery\system\CodeIgniter.php(419): CodeIgniter\CodeIgniter->runController(Object(App\Controllers\Home))
#7 D:\Documentos\Projetos\Estudos\php-food-delivery\system\CodeIgniter.php(326): CodeIgniter\CodeIgniter->handleRequest(NULL, Object(Config\Cache), false)
#8 D:\Documentos\Projetos\Estudos\php-food-delivery\public\index.php(37): CodeIgniter\CodeIgniter->run()
#9 D:\Documentos\Projetos\Estudos\php-food-delivery\system\Commands\Server\rewrite.php(43): require_once('D:\\Documentos\\P...')
#10 {main}
CRITICAL - 2022-03-13 15:48:45 --> Undefined variable: var
#0 D:\Documentos\Projetos\Estudos\php-food-delivery\app\Views\welcome_message.php(260): CodeIgniter\Debug\Exceptions->errorHandler(8, 'Undefined varia...', 'D:\\Documentos\\P...', 260, Array)
#1 D:\Documentos\Projetos\Estudos\php-food-delivery\system\View\View.php(210): include('D:\\Documentos\\P...')
#2 D:\Documentos\Projetos\Estudos\php-food-delivery\system\View\View.php(213): CodeIgniter\View\View->CodeIgniter\View\{closure}()
#3 D:\Documentos\Projetos\Estudos\php-food-delivery\system\Common.php(1089): CodeIgniter\View\View->render('welcome_message', Array, true)
#4 D:\Documentos\Projetos\Estudos\php-food-delivery\app\Controllers\Home.php(9): view('welcome_message')
#5 D:\Documentos\Projetos\Estudos\php-food-delivery\system\CodeIgniter.php(832): App\Controllers\Home->index()
#6 D:\Documentos\Projetos\Estudos\php-food-delivery\system\CodeIgniter.php(419): CodeIgniter\CodeIgniter->runController(Object(App\Controllers\Home))
#7 D:\Documentos\Projetos\Estudos\php-food-delivery\system\CodeIgniter.php(326): CodeIgniter\CodeIgniter->handleRequest(NULL, Object(Config\Cache), false)
#8 D:\Documentos\Projetos\Estudos\php-food-delivery\public\index.php(37): CodeIgniter\CodeIgniter->run()
#9 D:\Documentos\Projetos\Estudos\php-food-delivery\system\Commands\Server\rewrite.php(43): require_once('D:\\Documentos\\P...')
#10 {main}
CRITICAL - 2022-03-13 15:48:47 --> Undefined variable: var
#0 D:\Documentos\Projetos\Estudos\php-food-delivery\app\Views\welcome_message.php(260): CodeIgniter\Debug\Exceptions->errorHandler(8, 'Undefined varia...', 'D:\\Documentos\\P...', 260, Array)
#1 D:\Documentos\Projetos\Estudos\php-food-delivery\system\View\View.php(210): include('D:\\Documentos\\P...')
#2 D:\Documentos\Projetos\Estudos\php-food-delivery\system\View\View.php(213): CodeIgniter\View\View->CodeIgniter\View\{closure}()
#3 D:\Documentos\Projetos\Estudos\php-food-delivery\system\Common.php(1089): CodeIgniter\View\View->render('welcome_message', Array, true)
#4 D:\Documentos\Projetos\Estudos\php-food-delivery\app\Controllers\Home.php(9): view('welcome_message')
#5 D:\Documentos\Projetos\Estudos\php-food-delivery\system\CodeIgniter.php(832): App\Controllers\Home->index()
#6 D:\Documentos\Projetos\Estudos\php-food-delivery\system\CodeIgniter.php(419): CodeIgniter\CodeIgniter->runController(Object(App\Controllers\Home))
#7 D:\Documentos\Projetos\Estudos\php-food-delivery\system\CodeIgniter.php(326): CodeIgniter\CodeIgniter->handleRequest(NULL, Object(Config\Cache), false)
#8 D:\Documentos\Projetos\Estudos\php-food-delivery\public\index.php(37): CodeIgniter\CodeIgniter->run()
#9 D:\Documentos\Projetos\Estudos\php-food-delivery\system\Commands\Server\rewrite.php(43): require_once('D:\\Documentos\\P...')
#10 {main}
