ERROR - 2022-03-15 15:45:10 --> Error connecting to the database: Nenhuma conexão pôde ser feita porque a máquina de destino as recusou ativamente.

CRITICAL - 2022-03-15 15:45:10 --> Unable to connect to the database.
Main connection [MySQLi]: Nenhuma conexão pôde ser feita porque a máquina de destino as recusou ativamente.

#0 D:\Documentos\Projetos\Estudos\php-food-delivery\system\Database\BaseConnection.php(577): CodeIgniter\Database\BaseConnection->initialize()
#1 D:\Documentos\Projetos\Estudos\php-food-delivery\system\Database\BaseBuilder.php(1455): CodeIgniter\Database\BaseConnection->query('SELECT *\nFROM `...', Array, false)
#2 D:\Documentos\Projetos\Estudos\php-food-delivery\system\Model.php(183): CodeIgniter\Database\BaseBuilder->get()
#3 D:\Documentos\Projetos\Estudos\php-food-delivery\system\BaseModel.php(584): CodeIgniter\Model->doFindAll(0, 0)
#4 D:\Documentos\Projetos\Estudos\php-food-delivery\app\Controllers\Admin\Usuarios.php(20): CodeIgniter\BaseModel->findAll()
#5 D:\Documentos\Projetos\Estudos\php-food-delivery\system\CodeIgniter.php(832): App\Controllers\Admin\Usuarios->index()
#6 D:\Documentos\Projetos\Estudos\php-food-delivery\system\CodeIgniter.php(419): CodeIgniter\CodeIgniter->runController(Object(App\Controllers\Admin\Usuarios))
#7 D:\Documentos\Projetos\Estudos\php-food-delivery\system\CodeIgniter.php(326): CodeIgniter\CodeIgniter->handleRequest(NULL, Object(Config\Cache), false)
#8 D:\Documentos\Projetos\Estudos\php-food-delivery\public\index.php(37): CodeIgniter\CodeIgniter->run()
#9 D:\Documentos\Projetos\Estudos\php-food-delivery\system\Commands\Server\rewrite.php(43): require_once('D:\\Documentos\\P...')
#10 {main}
CRITICAL - 2022-03-15 16:32:20 --> Undefined property: stdClass::$nome
#0 D:\Documentos\Projetos\Estudos\php-food-delivery\app\Controllers\Admin\Usuarios.php(37): CodeIgniter\Debug\Exceptions->errorHandler(8, 'Undefined prope...', 'D:\\Documentos\\P...', 37, Array)
#1 D:\Documentos\Projetos\Estudos\php-food-delivery\system\CodeIgniter.php(832): App\Controllers\Admin\Usuarios->procurar()
#2 D:\Documentos\Projetos\Estudos\php-food-delivery\system\CodeIgniter.php(419): CodeIgniter\CodeIgniter->runController(Object(App\Controllers\Admin\Usuarios))
#3 D:\Documentos\Projetos\Estudos\php-food-delivery\system\CodeIgniter.php(326): CodeIgniter\CodeIgniter->handleRequest(NULL, Object(Config\Cache), false)
#4 D:\Documentos\Projetos\Estudos\php-food-delivery\public\index.php(37): CodeIgniter\CodeIgniter->run()
#5 D:\Documentos\Projetos\Estudos\php-food-delivery\system\Commands\Server\rewrite.php(43): require_once('D:\\Documentos\\P...')
#6 {main}
CRITICAL - 2022-03-15 16:34:11 --> Undefined property: stdClass::$nome
#0 D:\Documentos\Projetos\Estudos\php-food-delivery\app\Controllers\Admin\Usuarios.php(37): CodeIgniter\Debug\Exceptions->errorHandler(8, 'Undefined prope...', 'D:\\Documentos\\P...', 37, Array)
#1 D:\Documentos\Projetos\Estudos\php-food-delivery\system\CodeIgniter.php(832): App\Controllers\Admin\Usuarios->procurar()
#2 D:\Documentos\Projetos\Estudos\php-food-delivery\system\CodeIgniter.php(419): CodeIgniter\CodeIgniter->runController(Object(App\Controllers\Admin\Usuarios))
#3 D:\Documentos\Projetos\Estudos\php-food-delivery\system\CodeIgniter.php(326): CodeIgniter\CodeIgniter->handleRequest(NULL, Object(Config\Cache), false)
#4 D:\Documentos\Projetos\Estudos\php-food-delivery\public\index.php(37): CodeIgniter\CodeIgniter->run()
#5 D:\Documentos\Projetos\Estudos\php-food-delivery\system\Commands\Server\rewrite.php(43): require_once('D:\\Documentos\\P...')
#6 {main}
